2024-05-30 14:47:35,021 - log - INFO - Start Training the autoencoder... 
2024-05-30 14:48:30,430 - log - INFO - Start Training the autoencoder... 
2024-05-30 14:49:35,793 - log - INFO - Start Training the autoencoder... 
2024-05-30 14:50:16,128 - log - INFO - Start Training the autoencoder... 
2024-05-30 14:50:39,946 - log - INFO - Start Training the autoencoder... 
2024-05-30 14:51:40,347 - log - INFO - Start Training the autoencoder... 
2024-05-30 14:52:30,147 - log - INFO - Start Training the autoencoder... 
2024-05-30 14:52:54,995 - log - INFO - Start Training the autoencoder... 
2024-05-30 14:53:53,973 - log - INFO - Start Training the autoencoder... 
2024-05-30 14:54:17,163 - log - INFO - Start Training the autoencoder... 
2024-05-30 14:59:50,159 - log - INFO - Start Training the autoencoder... 
2024-05-30 15:00:11,157 - log - INFO - Start Training the autoencoder... 
2024-05-30 15:00:40,103 - log - INFO - Start Training the autoencoder... 
2024-05-30 15:02:36,012 - log - INFO - Start Training the autoencoder... 
2024-05-30 15:03:24,391 - log - INFO - Start Training the autoencoder... 
2024-05-30 15:04:33,477 - log - INFO - Start Training the autoencoder... 
2024-05-30 15:04:39,769 - log - INFO - [Epoch 0] Average loss: 0.6729072332382202
2024-05-30 15:04:40,865 - log - INFO - [Epoch 1] Average loss: 0.6725305914878845
2024-05-30 15:04:41,974 - log - INFO - [Epoch 2] Average loss: 0.6728731989860535
2024-05-30 15:04:43,142 - log - INFO - [Epoch 3] Average loss: 0.6728578209877014
2024-05-30 15:04:44,985 - log - INFO - [Epoch 4] Average loss: 0.6729082465171814
2024-05-30 15:04:46,802 - log - INFO - [Epoch 5] Average loss: 0.6729603409767151
2024-05-30 15:04:48,555 - log - INFO - [Epoch 6] Average loss: 0.6728449463844299
2024-05-30 15:04:50,339 - log - INFO - [Epoch 7] Average loss: 0.6727358102798462
2024-05-30 15:04:52,117 - log - INFO - [Epoch 8] Average loss: 0.672855019569397
2024-05-30 15:04:53,861 - log - INFO - [Epoch 9] Average loss: 0.6729393005371094
2024-05-30 15:04:55,594 - log - INFO - [Epoch 10] Average loss: 0.6728904247283936
2024-05-30 15:04:57,323 - log - INFO - [Epoch 11] Average loss: 0.6727772355079651
2024-05-30 15:04:59,057 - log - INFO - [Epoch 12] Average loss: 0.6728078126907349
2024-05-30 15:05:00,848 - log - INFO - [Epoch 13] Average loss: 0.6729027628898621
2024-05-30 15:05:02,629 - log - INFO - [Epoch 14] Average loss: 0.6728771924972534
2024-05-30 15:05:04,397 - log - INFO - [Epoch 15] Average loss: 0.6726487874984741
2024-05-30 15:05:06,134 - log - INFO - [Epoch 16] Average loss: 0.6730976104736328
2024-05-30 15:05:07,956 - log - INFO - [Epoch 17] Average loss: 0.6727777123451233
2024-05-30 15:05:09,695 - log - INFO - [Epoch 18] Average loss: 0.6725051403045654
2024-05-30 15:05:11,475 - log - INFO - [Epoch 19] Average loss: 0.6727319955825806
2024-05-30 15:05:13,231 - log - INFO - [Epoch 20] Average loss: 0.6728066802024841
2024-05-30 15:05:14,993 - log - INFO - [Epoch 21] Average loss: 0.6726511716842651
2024-05-30 15:05:16,845 - log - INFO - [Epoch 22] Average loss: 0.6723861694335938
2024-05-30 15:05:18,601 - log - INFO - [Epoch 23] Average loss: 0.6725028157234192
2024-05-30 15:05:20,338 - log - INFO - [Epoch 24] Average loss: 0.6725622415542603
2024-05-30 15:05:22,124 - log - INFO - [Epoch 25] Average loss: 0.6724763512611389
2024-05-30 15:05:23,915 - log - INFO - [Epoch 26] Average loss: 0.6728030443191528
2024-05-30 15:05:25,699 - log - INFO - [Epoch 27] Average loss: 0.6725419163703918
2024-05-30 15:05:26,845 - log - INFO - [Epoch 28] Average loss: 0.6728687286376953
2024-05-30 15:05:27,959 - log - INFO - [Epoch 29] Average loss: 0.6728359460830688
2024-05-30 15:05:29,052 - log - INFO - [Epoch 30] Average loss: 0.6726946234703064
2024-05-30 15:05:30,328 - log - INFO - [Epoch 31] Average loss: 0.6727476119995117
2024-05-30 15:05:31,441 - log - INFO - [Epoch 32] Average loss: 0.6726894378662109
2024-05-30 15:05:32,586 - log - INFO - [Epoch 33] Average loss: 0.6725956797599792
2024-05-30 15:05:33,727 - log - INFO - [Epoch 34] Average loss: 0.6728931069374084
2024-05-30 15:05:34,858 - log - INFO - [Epoch 35] Average loss: 0.6726367473602295
2024-05-30 15:05:36,143 - log - INFO - [Epoch 36] Average loss: 0.6726649403572083
2024-05-30 15:05:37,285 - log - INFO - [Epoch 37] Average loss: 0.6727533936500549
2024-05-30 15:05:38,403 - log - INFO - [Epoch 38] Average loss: 0.6730024814605713
2024-05-30 15:05:39,524 - log - INFO - [Epoch 39] Average loss: 0.6727591753005981
2024-05-30 15:05:40,671 - log - INFO - [Epoch 40] Average loss: 0.6724607944488525
2024-05-30 15:05:41,802 - log - INFO - [Epoch 41] Average loss: 0.6727335453033447
2024-05-30 15:05:42,917 - log - INFO - [Epoch 42] Average loss: 0.6726833581924438
2024-05-30 15:05:44,044 - log - INFO - [Epoch 43] Average loss: 0.6728613972663879
2024-05-30 15:05:45,161 - log - INFO - [Epoch 44] Average loss: 0.672621488571167
2024-05-30 15:05:46,412 - log - INFO - [Epoch 45] Average loss: 0.6727825999259949
2024-05-30 15:05:47,743 - log - INFO - [Epoch 46] Average loss: 0.6729394197463989
2024-05-30 15:05:48,943 - log - INFO - [Epoch 47] Average loss: 0.6726032495498657
2024-05-30 15:05:50,066 - log - INFO - [Epoch 48] Average loss: 0.6725161671638489
2024-05-30 15:05:51,209 - log - INFO - [Epoch 49] Average loss: 0.6725611090660095
2024-05-30 15:05:52,362 - log - INFO - [Epoch 50] Average loss: 0.6727073192596436
2024-05-30 15:05:53,542 - log - INFO - [Epoch 51] Average loss: 0.6727451682090759
2024-05-30 15:05:54,707 - log - INFO - [Epoch 52] Average loss: 0.6729366779327393
2024-05-30 15:05:55,870 - log - INFO - [Epoch 53] Average loss: 0.672898530960083
2024-05-30 15:05:57,024 - log - INFO - [Epoch 54] Average loss: 0.6724516749382019
2024-05-30 15:05:58,134 - log - INFO - [Epoch 55] Average loss: 0.6727589964866638
2024-05-30 15:05:59,255 - log - INFO - [Epoch 56] Average loss: 0.6729752421379089
2024-05-30 15:06:00,418 - log - INFO - [Epoch 57] Average loss: 0.6727250814437866
2024-05-30 15:06:01,618 - log - INFO - [Epoch 58] Average loss: 0.673031747341156
2024-05-30 15:06:02,893 - log - INFO - [Epoch 59] Average loss: 0.6727758646011353
2024-05-30 15:06:04,208 - log - INFO - [Epoch 60] Average loss: 0.6728631258010864
2024-05-30 15:06:05,553 - log - INFO - [Epoch 61] Average loss: 0.6729108095169067
2024-05-30 15:06:07,014 - log - INFO - [Epoch 62] Average loss: 0.672700047492981
2024-05-30 15:06:08,504 - log - INFO - [Epoch 63] Average loss: 0.6727432012557983
2024-05-30 15:06:09,765 - log - INFO - [Epoch 64] Average loss: 0.6726529002189636
2024-05-30 15:06:10,990 - log - INFO - [Epoch 65] Average loss: 0.6726826429367065
2024-05-30 15:06:20,139 - log - INFO - Start Training the autoencoder... 
2024-05-30 15:06:26,987 - log - INFO - [Epoch 0] Average loss: 0.6729072332382202
2024-05-30 15:06:28,158 - log - INFO - [Epoch 1] Average loss: 0.6725305914878845
2024-05-30 15:06:29,271 - log - INFO - [Epoch 2] Average loss: 0.6728731989860535
2024-05-30 15:06:31,059 - log - INFO - [Epoch 3] Average loss: 0.6728578209877014
2024-05-30 15:06:32,831 - log - INFO - [Epoch 4] Average loss: 0.6729082465171814
2024-05-30 15:06:34,555 - log - INFO - [Epoch 5] Average loss: 0.6729603409767151
2024-05-30 15:06:36,294 - log - INFO - [Epoch 6] Average loss: 0.6728449463844299
2024-05-30 15:06:38,091 - log - INFO - [Epoch 7] Average loss: 0.6727358102798462
2024-05-30 15:06:39,847 - log - INFO - [Epoch 8] Average loss: 0.672855019569397
2024-05-30 15:06:41,602 - log - INFO - [Epoch 9] Average loss: 0.6729393005371094
2024-05-30 15:06:43,411 - log - INFO - [Epoch 10] Average loss: 0.6728904247283936
2024-05-30 15:06:45,289 - log - INFO - [Epoch 11] Average loss: 0.6727772355079651
2024-05-30 15:06:47,054 - log - INFO - [Epoch 12] Average loss: 0.6728078126907349
2024-05-30 15:06:48,907 - log - INFO - [Epoch 13] Average loss: 0.6729027628898621
2024-05-30 15:06:50,658 - log - INFO - [Epoch 14] Average loss: 0.6728771924972534
2024-05-30 15:06:52,440 - log - INFO - [Epoch 15] Average loss: 0.6726487874984741
2024-05-30 15:06:54,202 - log - INFO - [Epoch 16] Average loss: 0.6730976104736328
2024-05-30 15:06:55,962 - log - INFO - [Epoch 17] Average loss: 0.6727777123451233
2024-05-30 15:06:57,724 - log - INFO - [Epoch 18] Average loss: 0.6725051403045654
2024-05-30 15:06:59,047 - log - INFO - [Epoch 19] Average loss: 0.6727319955825806
2024-05-30 15:07:00,219 - log - INFO - [Epoch 20] Average loss: 0.6728066802024841
2024-05-30 15:07:01,406 - log - INFO - [Epoch 21] Average loss: 0.6726511716842651
2024-05-30 15:07:02,525 - log - INFO - [Epoch 22] Average loss: 0.6723861694335938
2024-05-30 15:07:03,669 - log - INFO - [Epoch 23] Average loss: 0.6725028157234192
2024-05-30 15:07:04,893 - log - INFO - [Epoch 24] Average loss: 0.6725622415542603
2024-05-30 15:07:06,298 - log - INFO - [Epoch 25] Average loss: 0.6724763512611389
2024-05-30 15:07:07,528 - log - INFO - [Epoch 26] Average loss: 0.6728030443191528
2024-05-30 15:07:08,654 - log - INFO - [Epoch 27] Average loss: 0.6725419163703918
2024-05-30 15:07:09,810 - log - INFO - [Epoch 28] Average loss: 0.6728687286376953
2024-05-30 15:07:10,969 - log - INFO - [Epoch 29] Average loss: 0.6728359460830688
2024-05-30 15:07:12,129 - log - INFO - [Epoch 30] Average loss: 0.6726946234703064
2024-05-30 15:07:13,288 - log - INFO - [Epoch 31] Average loss: 0.6727476119995117
2024-05-30 15:07:14,412 - log - INFO - [Epoch 32] Average loss: 0.6726894378662109
2024-05-30 15:07:15,555 - log - INFO - [Epoch 33] Average loss: 0.6725956797599792
2024-05-30 15:07:16,713 - log - INFO - [Epoch 34] Average loss: 0.6728931069374084
2024-05-30 15:07:17,951 - log - INFO - [Epoch 35] Average loss: 0.6726367473602295
2024-05-30 15:07:19,226 - log - INFO - [Epoch 36] Average loss: 0.6726649403572083
2024-05-30 15:07:20,418 - log - INFO - [Epoch 37] Average loss: 0.6727533936500549
2024-05-30 15:07:21,510 - log - INFO - [Epoch 38] Average loss: 0.6730024814605713
2024-05-30 15:07:22,610 - log - INFO - [Epoch 39] Average loss: 0.6727591753005981
2024-05-30 15:07:23,705 - log - INFO - [Epoch 40] Average loss: 0.6724607944488525
2024-05-30 15:07:24,834 - log - INFO - [Epoch 41] Average loss: 0.6727335453033447
2024-05-30 15:07:25,916 - log - INFO - [Epoch 42] Average loss: 0.6726833581924438
2024-05-30 15:07:27,074 - log - INFO - [Epoch 43] Average loss: 0.6728613972663879
2024-05-30 15:07:28,279 - log - INFO - [Epoch 44] Average loss: 0.672621488571167
2024-05-30 15:07:29,396 - log - INFO - [Epoch 45] Average loss: 0.6727825999259949
2024-05-30 15:07:30,528 - log - INFO - [Epoch 46] Average loss: 0.6729394197463989
2024-05-30 15:07:31,652 - log - INFO - [Epoch 47] Average loss: 0.6726032495498657
2024-05-30 15:07:32,809 - log - INFO - [Epoch 48] Average loss: 0.6725161671638489
2024-05-30 15:07:34,037 - log - INFO - [Epoch 49] Average loss: 0.6725611090660095
2024-05-30 15:07:35,143 - log - INFO - [Epoch 50] Average loss: 0.6727073192596436
2024-05-30 15:07:36,229 - log - INFO - [Epoch 51] Average loss: 0.6727451682090759
2024-05-30 15:07:37,349 - log - INFO - [Epoch 52] Average loss: 0.6729366779327393
2024-05-30 15:07:38,460 - log - INFO - [Epoch 53] Average loss: 0.672898530960083
2024-05-30 15:07:39,600 - log - INFO - [Epoch 54] Average loss: 0.6724516749382019
2024-05-30 15:07:40,730 - log - INFO - [Epoch 55] Average loss: 0.6727589964866638
2024-05-30 15:07:41,941 - log - INFO - [Epoch 56] Average loss: 0.6729752421379089
2024-05-30 15:07:43,116 - log - INFO - [Epoch 57] Average loss: 0.6727250814437866
2024-05-30 15:07:44,250 - log - INFO - [Epoch 58] Average loss: 0.673031747341156
2024-05-30 15:07:45,400 - log - INFO - [Epoch 59] Average loss: 0.6727758646011353
2024-05-30 15:07:46,536 - log - INFO - [Epoch 60] Average loss: 0.6728631258010864
2024-05-30 15:07:47,743 - log - INFO - [Epoch 61] Average loss: 0.6729108095169067
2024-05-30 15:07:49,119 - log - INFO - [Epoch 62] Average loss: 0.672700047492981
2024-05-30 15:07:50,359 - log - INFO - [Epoch 63] Average loss: 0.6727432012557983
2024-05-30 15:07:51,459 - log - INFO - [Epoch 64] Average loss: 0.6726529002189636
2024-05-30 15:07:52,591 - log - INFO - [Epoch 65] Average loss: 0.6726826429367065
2024-05-30 15:07:53,693 - log - INFO - [Epoch 66] Average loss: 0.6727230548858643
2024-05-30 15:07:54,787 - log - INFO - [Epoch 67] Average loss: 0.6726222634315491
2024-05-30 15:07:55,905 - log - INFO - [Epoch 68] Average loss: 0.6727678775787354
2024-05-30 15:07:57,022 - log - INFO - [Epoch 69] Average loss: 0.6727063655853271
2024-05-30 15:07:58,174 - log - INFO - [Epoch 70] Average loss: 0.6725419759750366
2024-05-30 15:07:59,326 - log - INFO - [Epoch 71] Average loss: 0.672855019569397
2024-05-30 15:08:00,539 - log - INFO - [Epoch 72] Average loss: 0.6725507378578186
2024-05-30 15:08:01,683 - log - INFO - [Epoch 73] Average loss: 0.6726182103157043
2024-05-30 15:08:02,812 - log - INFO - [Epoch 74] Average loss: 0.6727149486541748
2024-05-30 15:08:03,941 - log - INFO - [Epoch 75] Average loss: 0.6727931499481201
2024-05-30 15:08:05,072 - log - INFO - [Epoch 76] Average loss: 0.6728766560554504
2024-05-30 15:08:06,229 - log - INFO - [Epoch 77] Average loss: 0.672832727432251
2024-05-30 15:08:07,356 - log - INFO - [Epoch 78] Average loss: 0.6726454496383667
2024-05-30 15:08:08,561 - log - INFO - [Epoch 79] Average loss: 0.6728114485740662
2024-05-30 15:08:09,671 - log - INFO - [Epoch 80] Average loss: 0.672752320766449
2024-05-30 15:08:10,757 - log - INFO - [Epoch 81] Average loss: 0.672552227973938
2024-05-30 15:08:11,867 - log - INFO - [Epoch 82] Average loss: 0.6726117730140686
2024-05-30 15:08:12,998 - log - INFO - [Epoch 83] Average loss: 0.6729042530059814
2024-05-30 15:08:14,246 - log - INFO - [Epoch 84] Average loss: 0.6727856993675232
2024-05-30 15:08:15,316 - log - INFO - [Epoch 85] Average loss: 0.6728516221046448
2024-05-30 15:08:16,423 - log - INFO - [Epoch 86] Average loss: 0.6724990010261536
2024-05-30 15:08:17,523 - log - INFO - [Epoch 87] Average loss: 0.672755241394043
2024-05-30 15:08:18,674 - log - INFO - [Epoch 88] Average loss: 0.6726776361465454
2024-05-30 15:08:19,962 - log - INFO - [Epoch 89] Average loss: 0.672723650932312
2024-05-30 15:08:21,110 - log - INFO - [Epoch 90] Average loss: 0.6729617714881897
2024-05-30 15:08:22,234 - log - INFO - [Epoch 91] Average loss: 0.6727191209793091
2024-05-30 15:08:23,342 - log - INFO - [Epoch 92] Average loss: 0.6728664636611938
2024-05-30 15:08:24,478 - log - INFO - [Epoch 93] Average loss: 0.6727688312530518
2024-05-30 15:08:26,237 - log - INFO - [Epoch 94] Average loss: 0.6727265119552612
2024-05-30 15:08:27,331 - log - INFO - [Epoch 95] Average loss: 0.672792375087738
2024-05-30 15:08:28,574 - log - INFO - [Epoch 96] Average loss: 0.6728076338768005
2024-05-30 15:08:29,805 - log - INFO - [Epoch 97] Average loss: 0.6725380420684814
2024-05-30 15:08:30,986 - log - INFO - [Epoch 98] Average loss: 0.672775387763977
2024-05-30 15:08:32,125 - log - INFO - [Epoch 99] Average loss: 0.6728478670120239
2024-05-30 15:08:37,695 - log - INFO - [Epoch 0] Average loss: 0.6706658005714417
2024-05-30 15:08:38,848 - log - INFO - [Epoch 1] Average loss: 0.6708878874778748
2024-05-30 15:08:40,070 - log - INFO - [Epoch 2] Average loss: 0.67074054479599
2024-05-30 15:08:41,260 - log - INFO - [Epoch 3] Average loss: 0.6708956956863403
2024-05-30 15:08:42,581 - log - INFO - [Epoch 4] Average loss: 0.6707468628883362
2024-05-30 15:08:43,846 - log - INFO - [Epoch 5] Average loss: 0.6708413362503052
2024-05-30 15:08:45,171 - log - INFO - [Epoch 6] Average loss: 0.6707876920700073
2024-05-30 15:08:46,471 - log - INFO - [Epoch 7] Average loss: 0.6706635355949402
2024-05-30 15:08:48,100 - log - INFO - [Epoch 8] Average loss: 0.670689582824707
2024-05-30 15:08:49,642 - log - INFO - [Epoch 9] Average loss: 0.6706871390342712
2024-05-30 15:08:51,382 - log - INFO - [Epoch 10] Average loss: 0.6708258390426636
2024-05-30 15:08:52,819 - log - INFO - [Epoch 11] Average loss: 0.6707960367202759
2024-05-30 15:08:54,079 - log - INFO - [Epoch 12] Average loss: 0.6706480383872986
2024-05-30 15:08:55,471 - log - INFO - [Epoch 13] Average loss: 0.6708590984344482
2024-05-30 15:08:56,644 - log - INFO - [Epoch 14] Average loss: 0.6706011295318604
2024-05-30 15:08:57,851 - log - INFO - [Epoch 15] Average loss: 0.6708908677101135
2024-05-30 15:08:59,013 - log - INFO - [Epoch 16] Average loss: 0.6705517172813416
2024-05-30 15:09:00,237 - log - INFO - [Epoch 17] Average loss: 0.6709187030792236
2024-05-30 15:09:01,403 - log - INFO - [Epoch 18] Average loss: 0.6708118915557861
2024-05-30 15:09:02,543 - log - INFO - [Epoch 19] Average loss: 0.6707803010940552
2024-05-30 15:09:03,668 - log - INFO - [Epoch 20] Average loss: 0.670651376247406
2024-05-30 15:09:04,866 - log - INFO - [Epoch 21] Average loss: 0.670683741569519
2024-05-30 15:09:06,064 - log - INFO - [Epoch 22] Average loss: 0.6707194447517395
2024-05-30 15:09:07,222 - log - INFO - [Epoch 23] Average loss: 0.6708681583404541
2024-05-30 15:09:08,446 - log - INFO - [Epoch 24] Average loss: 0.670952558517456
2024-05-30 15:09:09,640 - log - INFO - [Epoch 25] Average loss: 0.6708109378814697
2024-05-30 15:09:10,858 - log - INFO - [Epoch 26] Average loss: 0.6706752777099609
2024-05-30 15:09:12,078 - log - INFO - [Epoch 27] Average loss: 0.6707497835159302
2024-05-30 15:09:13,287 - log - INFO - [Epoch 28] Average loss: 0.6706977486610413
2024-05-30 15:09:14,708 - log - INFO - [Epoch 29] Average loss: 0.6707823276519775
2024-05-30 15:09:15,931 - log - INFO - [Epoch 30] Average loss: 0.6707386374473572
2024-05-30 15:09:17,106 - log - INFO - [Epoch 31] Average loss: 0.6708106994628906
2024-05-30 15:09:18,252 - log - INFO - [Epoch 32] Average loss: 0.6708595752716064
2024-05-30 15:09:19,390 - log - INFO - [Epoch 33] Average loss: 0.6706300377845764
2024-05-30 15:09:20,558 - log - INFO - [Epoch 34] Average loss: 0.6708306074142456
2024-05-30 15:09:21,813 - log - INFO - [Epoch 35] Average loss: 0.670856773853302
2024-05-30 15:09:23,195 - log - INFO - [Epoch 36] Average loss: 0.6708657145500183
2024-05-30 15:09:24,659 - log - INFO - [Epoch 37] Average loss: 0.6705770492553711
2024-05-30 15:09:26,116 - log - INFO - [Epoch 38] Average loss: 0.6708558797836304
2024-05-30 15:09:27,340 - log - INFO - [Epoch 39] Average loss: 0.6706308126449585
2024-05-30 15:09:28,872 - log - INFO - [Epoch 40] Average loss: 0.6709941625595093
2024-05-30 15:09:30,665 - log - INFO - [Epoch 41] Average loss: 0.6707236766815186
2024-05-30 15:09:32,517 - log - INFO - [Epoch 42] Average loss: 0.6707953214645386
2024-05-30 15:09:34,288 - log - INFO - [Epoch 43] Average loss: 0.670798659324646
2024-05-30 15:09:36,102 - log - INFO - [Epoch 44] Average loss: 0.6705693006515503
2024-05-30 15:09:37,949 - log - INFO - [Epoch 45] Average loss: 0.6707572340965271
2024-05-30 15:09:39,797 - log - INFO - [Epoch 46] Average loss: 0.6708749532699585
2024-05-30 15:09:41,600 - log - INFO - [Epoch 47] Average loss: 0.6707522869110107
2024-05-30 15:09:43,379 - log - INFO - [Epoch 48] Average loss: 0.6707945466041565
2024-05-30 15:09:45,186 - log - INFO - [Epoch 49] Average loss: 0.6707597970962524
2024-05-30 15:09:47,174 - log - INFO - [Epoch 50] Average loss: 0.6705011129379272
2024-05-30 15:09:49,058 - log - INFO - [Epoch 51] Average loss: 0.6706762909889221
2024-05-30 15:09:50,838 - log - INFO - [Epoch 52] Average loss: 0.6708027720451355
2024-05-30 15:09:52,606 - log - INFO - [Epoch 53] Average loss: 0.6706386208534241
2024-05-30 15:09:54,341 - log - INFO - [Epoch 54] Average loss: 0.6710959076881409
2024-05-30 15:09:56,058 - log - INFO - [Epoch 55] Average loss: 0.6707709431648254
2024-05-30 15:09:57,774 - log - INFO - [Epoch 56] Average loss: 0.6706562042236328
2024-05-30 15:09:59,544 - log - INFO - [Epoch 57] Average loss: 0.6708666682243347
2024-05-30 15:10:01,337 - log - INFO - [Epoch 58] Average loss: 0.67086261510849
2024-05-30 15:10:03,115 - log - INFO - [Epoch 59] Average loss: 0.6709718704223633
2024-05-30 15:10:04,977 - log - INFO - [Epoch 60] Average loss: 0.6708250641822815
2024-05-30 15:10:06,803 - log - INFO - [Epoch 61] Average loss: 0.6707032322883606
2024-05-30 15:10:08,561 - log - INFO - [Epoch 62] Average loss: 0.6707322001457214
2024-05-30 15:10:10,397 - log - INFO - [Epoch 63] Average loss: 0.6710322499275208
2024-05-30 15:10:12,190 - log - INFO - [Epoch 64] Average loss: 0.670543372631073
2024-05-30 15:10:14,061 - log - INFO - [Epoch 65] Average loss: 0.6708173751831055
2024-05-30 15:10:15,892 - log - INFO - [Epoch 66] Average loss: 0.6707661151885986
2024-05-30 15:10:17,687 - log - INFO - [Epoch 67] Average loss: 0.6706969738006592
2024-05-30 15:10:19,566 - log - INFO - [Epoch 68] Average loss: 0.6707499027252197
2024-05-30 15:10:21,407 - log - INFO - [Epoch 69] Average loss: 0.6708192229270935
2024-05-30 15:10:23,288 - log - INFO - [Epoch 70] Average loss: 0.6706876754760742
2024-05-30 15:10:25,096 - log - INFO - [Epoch 71] Average loss: 0.6706697940826416
2024-05-30 15:10:26,921 - log - INFO - [Epoch 72] Average loss: 0.6707308888435364
2024-05-30 15:10:28,689 - log - INFO - [Epoch 73] Average loss: 0.6706753373146057
2024-05-30 15:10:30,416 - log - INFO - [Epoch 74] Average loss: 0.6709288358688354
2024-05-30 15:10:32,151 - log - INFO - [Epoch 75] Average loss: 0.6711365580558777
2024-05-30 15:10:33,939 - log - INFO - [Epoch 76] Average loss: 0.6708348393440247
2024-05-30 15:10:35,675 - log - INFO - [Epoch 77] Average loss: 0.6706368923187256
2024-05-30 15:10:37,398 - log - INFO - [Epoch 78] Average loss: 0.6705271601676941
2024-05-30 15:10:39,188 - log - INFO - [Epoch 79] Average loss: 0.6709505915641785
2024-05-30 15:10:40,999 - log - INFO - [Epoch 80] Average loss: 0.6706330180168152
2024-05-30 15:10:42,859 - log - INFO - [Epoch 81] Average loss: 0.670705258846283
2024-05-30 15:10:44,788 - log - INFO - [Epoch 82] Average loss: 0.670850396156311
2024-05-30 15:10:46,598 - log - INFO - [Epoch 83] Average loss: 0.6710496544837952
2024-05-30 15:10:48,451 - log - INFO - [Epoch 84] Average loss: 0.6708688139915466
2024-05-30 15:10:50,306 - log - INFO - [Epoch 85] Average loss: 0.6705909967422485
2024-05-30 15:10:52,113 - log - INFO - [Epoch 86] Average loss: 0.6706825494766235
2024-05-30 15:10:54,037 - log - INFO - [Epoch 87] Average loss: 0.6707149147987366
2024-05-30 15:10:55,898 - log - INFO - [Epoch 88] Average loss: 0.6709353923797607
2024-05-30 15:10:57,710 - log - INFO - [Epoch 89] Average loss: 0.6706810593605042
2024-05-30 15:10:59,543 - log - INFO - [Epoch 90] Average loss: 0.670772135257721
2024-05-30 15:11:01,402 - log - INFO - [Epoch 91] Average loss: 0.6706266403198242
2024-05-30 15:11:03,353 - log - INFO - [Epoch 92] Average loss: 0.6707427501678467
2024-05-30 15:11:05,203 - log - INFO - [Epoch 93] Average loss: 0.6710077524185181
2024-05-30 15:11:06,980 - log - INFO - [Epoch 94] Average loss: 0.6707433462142944
2024-05-30 15:11:08,793 - log - INFO - [Epoch 95] Average loss: 0.6709058284759521
2024-05-30 15:11:10,633 - log - INFO - [Epoch 96] Average loss: 0.670843780040741
2024-05-30 15:11:12,498 - log - INFO - [Epoch 97] Average loss: 0.6710574626922607
2024-05-30 15:11:14,299 - log - INFO - [Epoch 98] Average loss: 0.6708650588989258
2024-05-30 15:11:16,124 - log - INFO - [Epoch 99] Average loss: 0.6708056926727295
2024-05-30 15:13:09,219 - log - INFO - Start Training the autoencoder... 
2024-05-30 15:14:43,668 - log - INFO - Start Training the autoencoder... 
2024-05-30 15:15:07,058 - log - INFO - Start Training the autoencoder... 
2024-05-30 15:15:17,771 - log - INFO - [Epoch 0] Average loss: 0.434344083070755
2024-05-30 15:15:21,101 - log - INFO - [Epoch 1] Average loss: 0.10452919453382492
2024-05-30 15:15:24,403 - log - INFO - [Epoch 2] Average loss: 0.026347430422902107
2024-05-30 15:15:27,771 - log - INFO - [Epoch 3] Average loss: 0.019327500835061073
2024-05-30 15:15:31,254 - log - INFO - [Epoch 4] Average loss: 0.014431183226406574
2024-05-30 15:15:34,664 - log - INFO - [Epoch 5] Average loss: 0.013252397999167442
2024-05-30 15:15:38,003 - log - INFO - [Epoch 6] Average loss: 0.012807706370949745
2024-05-30 15:15:41,293 - log - INFO - [Epoch 7] Average loss: 0.01241404376924038
2024-05-30 15:15:44,599 - log - INFO - [Epoch 8] Average loss: 0.01219963189214468
2024-05-30 15:15:47,962 - log - INFO - [Epoch 9] Average loss: 0.012205788865685463
2024-05-30 15:15:51,325 - log - INFO - [Epoch 10] Average loss: 0.012017115950584412
2024-05-30 15:15:54,671 - log - INFO - [Epoch 11] Average loss: 0.011805618181824684
2024-05-30 15:15:58,069 - log - INFO - [Epoch 12] Average loss: 0.01182252075523138
2024-05-30 15:16:01,450 - log - INFO - [Epoch 13] Average loss: 0.011756937019526958
2024-05-30 15:16:04,854 - log - INFO - [Epoch 14] Average loss: 0.011630270630121231
2024-05-30 15:16:08,192 - log - INFO - [Epoch 15] Average loss: 0.011525331065058708
2024-05-30 15:16:11,487 - log - INFO - [Epoch 16] Average loss: 0.011686842888593674
2024-05-30 15:16:14,816 - log - INFO - [Epoch 17] Average loss: 0.011332724243402481
2024-05-30 15:16:18,222 - log - INFO - [Epoch 18] Average loss: 0.011566952802240849
2024-05-30 15:16:21,585 - log - INFO - [Epoch 19] Average loss: 0.011909350752830505
2024-05-30 15:16:24,899 - log - INFO - [Epoch 20] Average loss: 0.010994969867169857
2024-05-30 15:16:28,186 - log - INFO - [Epoch 21] Average loss: 0.010851583443582058
2024-05-30 15:16:31,554 - log - INFO - [Epoch 22] Average loss: 0.010731632821261883
2024-05-30 15:16:34,852 - log - INFO - [Epoch 23] Average loss: 0.011750955134630203
2024-05-30 15:16:38,111 - log - INFO - [Epoch 24] Average loss: 0.011052186600863934
2024-05-30 15:16:41,373 - log - INFO - [Epoch 25] Average loss: 0.010393559001386166
2024-05-30 15:16:44,729 - log - INFO - [Epoch 26] Average loss: 0.010405601933598518
2024-05-30 15:16:48,075 - log - INFO - [Epoch 27] Average loss: 0.01021868921816349
2024-05-30 15:16:51,368 - log - INFO - [Epoch 28] Average loss: 0.0105351647362113
2024-05-30 15:16:54,792 - log - INFO - [Epoch 29] Average loss: 0.011494983918964863
2024-05-30 15:16:58,165 - log - INFO - [Epoch 30] Average loss: 0.01023897621780634
2024-05-30 15:17:01,492 - log - INFO - [Epoch 31] Average loss: 0.010086740367114544
2024-05-30 15:17:04,884 - log - INFO - [Epoch 32] Average loss: 0.009952012449502945
2024-05-30 15:17:08,237 - log - INFO - [Epoch 33] Average loss: 0.010056022554636002
2024-05-30 15:17:11,518 - log - INFO - [Epoch 34] Average loss: 0.0110921710729599
2024-05-30 15:17:14,790 - log - INFO - [Epoch 35] Average loss: 0.01009498443454504
2024-05-30 15:17:18,099 - log - INFO - [Epoch 36] Average loss: 0.009820361621677876
2024-05-30 15:17:21,403 - log - INFO - [Epoch 37] Average loss: 0.00987794529646635
2024-05-30 15:17:24,733 - log - INFO - [Epoch 38] Average loss: 0.011250993236899376
2024-05-30 15:17:28,200 - log - INFO - [Epoch 39] Average loss: 0.010209957137703896
2024-05-30 15:17:31,551 - log - INFO - [Epoch 40] Average loss: 0.00966554880142212
2024-05-30 15:17:34,937 - log - INFO - [Epoch 41] Average loss: 0.009610828943550587
2024-05-30 15:17:38,407 - log - INFO - [Epoch 42] Average loss: 0.009639773517847061
2024-05-30 15:17:41,792 - log - INFO - [Epoch 43] Average loss: 0.00971726980060339
2024-05-30 15:17:45,114 - log - INFO - [Epoch 44] Average loss: 0.009573747403919697
2024-05-30 15:17:53,684 - log - INFO - Start Training the autoencoder... 
2024-05-30 15:19:04,718 - log - INFO - Start Training the autoencoder... 
2024-05-30 15:19:33,612 - log - INFO - Start Training the autoencoder... 
2024-05-30 15:19:42,337 - log - INFO - [Epoch 0] Average loss: 0.434344083070755
2024-05-30 15:20:03,957 - log - INFO - Start Training the autoencoder... 
2024-05-30 15:20:13,707 - log - INFO - [Epoch 0] Average loss: 0.434344083070755
2024-05-30 15:20:14,239 - log - INFO - Validation - Average loss: 0.1914297193288803, Average correlation: 0.0019742671865969896
2024-05-30 15:20:19,308 - log - INFO - [Epoch 1] Average loss: 0.10485133528709412
2024-05-30 15:20:19,825 - log - INFO - Validation - Average loss: 0.03634804021567106, Average correlation: -0.0020880629308521748
2024-05-30 15:20:25,089 - log - INFO - [Epoch 2] Average loss: 0.02628369815647602
2024-05-30 15:20:25,525 - log - INFO - Validation - Average loss: 0.023145401384681463, Average correlation: 0.007553146744612604
2024-05-30 15:20:28,869 - log - INFO - [Epoch 3] Average loss: 0.019440121948719025
2024-05-30 15:20:29,267 - log - INFO - Validation - Average loss: 0.014292319072410464, Average correlation: -0.003886059741489589
2024-05-30 15:20:32,643 - log - INFO - [Epoch 4] Average loss: 0.014520805329084396
2024-05-30 15:20:33,110 - log - INFO - Validation - Average loss: 0.012977453181520104, Average correlation: 0.0060549598129000515
2024-05-30 15:20:36,534 - log - INFO - [Epoch 5] Average loss: 0.013230754993855953
2024-05-30 15:20:36,935 - log - INFO - Validation - Average loss: 0.012148905778303742, Average correlation: 0.0035712133103515953
2024-05-30 15:20:40,218 - log - INFO - [Epoch 6] Average loss: 0.012834135442972183
2024-05-30 15:20:40,608 - log - INFO - Validation - Average loss: 0.011794580845162272, Average correlation: -0.006438595344661735
2024-05-30 15:20:43,960 - log - INFO - [Epoch 7] Average loss: 0.012550263665616512
2024-05-30 15:20:44,364 - log - INFO - Validation - Average loss: 0.011562309926375747, Average correlation: -0.0031363583402708173
2024-05-30 15:20:52,253 - log - INFO - Start Training the autoencoder... 
2024-05-30 15:21:02,310 - log - INFO - [Epoch 0] Average loss: 0.434344083070755
2024-05-30 15:21:07,392 - log - INFO - [Epoch 1] Average loss: 0.10452919453382492
2024-05-30 15:21:12,501 - log - INFO - [Epoch 2] Average loss: 0.026347430422902107
2024-05-30 15:21:17,701 - log - INFO - [Epoch 3] Average loss: 0.019327500835061073
2024-05-30 15:21:23,066 - log - INFO - [Epoch 4] Average loss: 0.014431183226406574
2024-05-30 15:21:28,136 - log - INFO - [Epoch 5] Average loss: 0.013252397999167442
2024-05-30 15:21:33,284 - log - INFO - [Epoch 6] Average loss: 0.012807706370949745
2024-05-30 15:21:38,373 - log - INFO - [Epoch 7] Average loss: 0.01241404376924038
2024-05-30 15:21:43,676 - log - INFO - [Epoch 8] Average loss: 0.01219963189214468
2024-05-30 15:21:48,835 - log - INFO - [Epoch 9] Average loss: 0.012205788865685463
2024-05-30 15:21:54,087 - log - INFO - [Epoch 10] Average loss: 0.012017115950584412
2024-05-30 15:21:59,168 - log - INFO - [Epoch 11] Average loss: 0.011805618181824684
2024-05-30 15:22:03,267 - log - INFO - [Epoch 12] Average loss: 0.01182252075523138
2024-05-30 15:22:06,682 - log - INFO - [Epoch 13] Average loss: 0.011756937019526958
2024-05-30 15:22:10,056 - log - INFO - [Epoch 14] Average loss: 0.011630270630121231
2024-05-30 15:22:13,395 - log - INFO - [Epoch 15] Average loss: 0.011525331065058708
2024-05-30 15:22:16,728 - log - INFO - [Epoch 16] Average loss: 0.011686842888593674
2024-05-30 15:22:20,028 - log - INFO - [Epoch 17] Average loss: 0.011332724243402481
2024-05-30 15:22:24,096 - log - INFO - [Epoch 18] Average loss: 0.011566952802240849
2024-05-30 15:22:27,415 - log - INFO - [Epoch 19] Average loss: 0.011909350752830505
2024-05-30 15:22:30,695 - log - INFO - [Epoch 20] Average loss: 0.010994969867169857
2024-05-30 15:22:34,061 - log - INFO - [Epoch 21] Average loss: 0.010851583443582058
2024-05-30 15:22:37,394 - log - INFO - [Epoch 22] Average loss: 0.010731632821261883
2024-05-30 15:22:40,691 - log - INFO - [Epoch 23] Average loss: 0.011750955134630203
2024-05-30 15:22:44,014 - log - INFO - [Epoch 24] Average loss: 0.011052186600863934
2024-05-30 15:22:47,329 - log - INFO - [Epoch 25] Average loss: 0.010393559001386166
2024-05-30 15:22:50,619 - log - INFO - [Epoch 26] Average loss: 0.010405601933598518
2024-05-30 15:22:53,962 - log - INFO - [Epoch 27] Average loss: 0.01021868921816349
2024-05-30 15:22:57,260 - log - INFO - [Epoch 28] Average loss: 0.0105351647362113
2024-05-30 15:23:00,582 - log - INFO - [Epoch 29] Average loss: 0.011494983918964863
2024-05-30 15:23:03,893 - log - INFO - [Epoch 30] Average loss: 0.01023897621780634
2024-05-30 15:23:07,194 - log - INFO - [Epoch 31] Average loss: 0.010086740367114544
2024-05-30 15:23:10,494 - log - INFO - [Epoch 32] Average loss: 0.009952012449502945
2024-05-30 15:23:13,784 - log - INFO - [Epoch 33] Average loss: 0.010056022554636002
2024-05-30 15:23:17,088 - log - INFO - [Epoch 34] Average loss: 0.0110921710729599
2024-05-30 15:23:20,372 - log - INFO - [Epoch 35] Average loss: 0.01009498443454504
2024-05-30 15:23:23,728 - log - INFO - [Epoch 36] Average loss: 0.009820361621677876
2024-05-30 15:23:27,041 - log - INFO - [Epoch 37] Average loss: 0.00987794529646635
2024-05-30 15:23:30,427 - log - INFO - [Epoch 38] Average loss: 0.011250993236899376
2024-05-30 15:23:33,768 - log - INFO - [Epoch 39] Average loss: 0.010209957137703896
2024-05-30 15:23:37,151 - log - INFO - [Epoch 40] Average loss: 0.00966554880142212
2024-05-30 15:23:40,475 - log - INFO - [Epoch 41] Average loss: 0.009610828943550587
2024-05-30 15:23:43,737 - log - INFO - [Epoch 42] Average loss: 0.009639773517847061
2024-05-30 15:23:47,073 - log - INFO - [Epoch 43] Average loss: 0.00971726980060339
2024-05-30 15:23:50,386 - log - INFO - [Epoch 44] Average loss: 0.009573747403919697
2024-05-30 15:23:53,661 - log - INFO - [Epoch 45] Average loss: 0.009524703025817871
2024-05-30 15:23:56,941 - log - INFO - [Epoch 46] Average loss: 0.009620658122003078
2024-05-30 15:24:00,245 - log - INFO - [Epoch 47] Average loss: 0.009625270031392574
2024-05-30 15:24:03,545 - log - INFO - [Epoch 48] Average loss: 0.009672521613538265
2024-05-30 15:24:06,881 - log - INFO - [Epoch 49] Average loss: 0.009583310224115849
2024-05-30 15:24:10,270 - log - INFO - [Epoch 50] Average loss: 0.009681323543190956
2024-05-30 15:24:13,706 - log - INFO - [Epoch 51] Average loss: 0.009830163791775703
2024-05-30 15:24:17,050 - log - INFO - [Epoch 52] Average loss: 0.009697938337922096
2024-05-30 15:24:20,404 - log - INFO - [Epoch 53] Average loss: 0.00978854950517416
2024-05-30 15:24:23,722 - log - INFO - [Epoch 54] Average loss: 0.009591327980160713
2024-05-30 15:24:27,001 - log - INFO - [Epoch 55] Average loss: 0.009652245789766312
2024-05-30 15:24:30,314 - log - INFO - [Epoch 56] Average loss: 0.009699582122266293
2024-05-30 15:24:33,640 - log - INFO - [Epoch 57] Average loss: 0.009604758583009243
2024-05-30 15:24:37,012 - log - INFO - [Epoch 58] Average loss: 0.009619920514523983
2024-05-30 15:24:40,339 - log - INFO - [Epoch 59] Average loss: 0.009614034555852413
2024-05-30 15:24:43,608 - log - INFO - [Epoch 60] Average loss: 0.00969738233834505
2024-05-30 15:24:46,919 - log - INFO - [Epoch 61] Average loss: 0.009779540821909904
2024-05-30 15:24:50,225 - log - INFO - [Epoch 62] Average loss: 0.00957614928483963
2024-05-30 15:24:53,526 - log - INFO - [Epoch 63] Average loss: 0.009513630531728268
2024-05-30 15:24:56,794 - log - INFO - [Epoch 64] Average loss: 0.009654620662331581
2024-05-30 15:25:00,110 - log - INFO - [Epoch 65] Average loss: 0.00967904832214117
2024-05-30 15:25:03,415 - log - INFO - [Epoch 66] Average loss: 0.009587617591023445
2024-05-30 15:25:06,717 - log - INFO - [Epoch 67] Average loss: 0.009659512899816036
2024-05-30 15:25:10,003 - log - INFO - [Epoch 68] Average loss: 0.009711201302707195
2024-05-30 15:25:13,261 - log - INFO - [Epoch 69] Average loss: 0.009595471434295177
2024-05-30 15:25:16,546 - log - INFO - [Epoch 70] Average loss: 0.009610236622393131
2024-05-30 15:25:19,853 - log - INFO - [Epoch 71] Average loss: 0.009537485428154469
2024-05-30 15:25:23,138 - log - INFO - [Epoch 72] Average loss: 0.009562041610479355
2024-05-30 15:25:26,433 - log - INFO - [Epoch 73] Average loss: 0.009537606500089169
2024-05-30 15:25:29,720 - log - INFO - [Epoch 74] Average loss: 0.009618575684726238
2024-05-30 15:25:32,994 - log - INFO - [Epoch 75] Average loss: 0.009647084400057793
2024-05-30 15:25:36,339 - log - INFO - [Epoch 76] Average loss: 0.009714903309941292
2024-05-30 15:25:39,614 - log - INFO - [Epoch 77] Average loss: 0.00965768564492464
2024-05-30 15:25:42,939 - log - INFO - [Epoch 78] Average loss: 0.009635026566684246
2024-05-30 15:25:46,220 - log - INFO - [Epoch 79] Average loss: 0.009641876444220543
2024-05-30 15:25:49,471 - log - INFO - [Epoch 80] Average loss: 0.00971449539065361
2024-05-30 15:25:52,783 - log - INFO - [Epoch 81] Average loss: 0.00956672616302967
2024-05-30 15:25:56,039 - log - INFO - [Epoch 82] Average loss: 0.00970019306987524
2024-05-30 15:25:59,356 - log - INFO - [Epoch 83] Average loss: 0.009754786267876625
2024-05-30 15:26:02,658 - log - INFO - [Epoch 84] Average loss: 0.009650537744164467
2024-05-30 15:26:05,946 - log - INFO - [Epoch 85] Average loss: 0.00961749255657196
2024-05-30 15:26:09,300 - log - INFO - [Epoch 86] Average loss: 0.00954634603112936
2024-05-30 15:26:12,621 - log - INFO - [Epoch 87] Average loss: 0.009651580825448036
2024-05-30 15:26:15,922 - log - INFO - [Epoch 88] Average loss: 0.00961610022932291
2024-05-30 15:26:19,221 - log - INFO - [Epoch 89] Average loss: 0.009679957292973995
2024-05-30 15:26:22,555 - log - INFO - [Epoch 90] Average loss: 0.00976357702165842
2024-05-30 15:26:25,899 - log - INFO - [Epoch 91] Average loss: 0.009619653224945068
2024-05-30 15:26:29,223 - log - INFO - [Epoch 92] Average loss: 0.009610999375581741
2024-05-30 15:26:32,526 - log - INFO - [Epoch 93] Average loss: 0.009648273698985577
2024-05-30 15:26:35,791 - log - INFO - [Epoch 94] Average loss: 0.009689997881650925
2024-05-30 15:26:39,117 - log - INFO - [Epoch 95] Average loss: 0.00957862101495266
2024-05-30 15:26:42,390 - log - INFO - [Epoch 96] Average loss: 0.00980894360691309
2024-05-30 15:26:45,684 - log - INFO - [Epoch 97] Average loss: 0.009516345337033272
2024-05-30 15:26:49,007 - log - INFO - [Epoch 98] Average loss: 0.009606296196579933
2024-05-30 15:26:52,349 - log - INFO - [Epoch 99] Average loss: 0.009612763300538063
2024-05-30 15:26:52,766 - log - INFO - Validation - Average loss: 0.008857277454808354, Average correlation: 0.003982767229899764
2024-05-30 15:27:00,190 - log - INFO - [Epoch 0] Average loss: 0.007863297127187252
2024-05-30 15:27:03,682 - log - INFO - [Epoch 1] Average loss: 0.007811371702700853
2024-05-30 15:27:07,030 - log - INFO - [Epoch 2] Average loss: 0.007780889514833689
2024-05-30 15:27:10,356 - log - INFO - [Epoch 3] Average loss: 0.007832176052033901
2024-05-30 15:27:13,658 - log - INFO - [Epoch 4] Average loss: 0.007816082797944546
2024-05-30 15:27:16,949 - log - INFO - [Epoch 5] Average loss: 0.007772709242999554
2024-05-30 15:27:20,276 - log - INFO - [Epoch 6] Average loss: 0.0077753569930791855
2024-05-30 15:27:23,599 - log - INFO - [Epoch 7] Average loss: 0.0077618444338440895
2024-05-30 15:27:26,891 - log - INFO - [Epoch 8] Average loss: 0.007863388396799564
2024-05-30 15:27:30,210 - log - INFO - [Epoch 9] Average loss: 0.007795020937919617
2024-05-30 15:27:33,524 - log - INFO - [Epoch 10] Average loss: 0.007839287631213665
2024-05-30 15:27:36,811 - log - INFO - [Epoch 11] Average loss: 0.00776286143809557
2024-05-30 15:27:40,127 - log - INFO - [Epoch 12] Average loss: 0.00786481611430645
2024-05-30 15:27:43,432 - log - INFO - [Epoch 13] Average loss: 0.0077939508482813835
2024-05-30 15:27:46,754 - log - INFO - [Epoch 14] Average loss: 0.007805785164237022
2024-05-30 15:27:50,084 - log - INFO - [Epoch 15] Average loss: 0.007789137307554483
2024-05-30 15:27:53,413 - log - INFO - [Epoch 16] Average loss: 0.007853020913898945
2024-05-30 15:27:56,724 - log - INFO - [Epoch 17] Average loss: 0.007831146009266376
2024-05-30 15:28:00,031 - log - INFO - [Epoch 18] Average loss: 0.007909045554697514
2024-05-30 15:28:03,367 - log - INFO - [Epoch 19] Average loss: 0.008395024575293064
2024-05-30 15:28:06,645 - log - INFO - [Epoch 20] Average loss: 0.009336935356259346
2024-05-30 15:28:09,946 - log - INFO - [Epoch 21] Average loss: 0.008040787652134895
2024-05-30 15:28:13,288 - log - INFO - [Epoch 22] Average loss: 0.007839703001081944
2024-05-30 15:28:16,575 - log - INFO - [Epoch 23] Average loss: 0.00811239704489708
2024-05-30 15:28:19,884 - log - INFO - [Epoch 24] Average loss: 0.009223737753927708
2024-05-30 15:28:23,233 - log - INFO - [Epoch 25] Average loss: 0.008124410174787045
2024-05-30 15:28:26,537 - log - INFO - [Epoch 26] Average loss: 0.007832277566194534
2024-05-30 15:28:29,854 - log - INFO - [Epoch 27] Average loss: 0.007835770957171917
2024-05-30 15:28:33,156 - log - INFO - [Epoch 28] Average loss: 0.009414555504918098
2024-05-30 15:28:36,465 - log - INFO - [Epoch 29] Average loss: 0.008644179441034794
2024-05-30 15:28:39,795 - log - INFO - [Epoch 30] Average loss: 0.007898781448602676
2024-05-30 15:28:43,131 - log - INFO - [Epoch 31] Average loss: 0.007788856513798237
2024-05-30 15:28:46,431 - log - INFO - [Epoch 32] Average loss: 0.007780331652611494
2024-05-30 15:28:49,724 - log - INFO - [Epoch 33] Average loss: 0.00874276366084814
2024-05-30 15:28:53,072 - log - INFO - [Epoch 34] Average loss: 0.008712885901331902
2024-05-30 15:28:56,414 - log - INFO - [Epoch 35] Average loss: 0.007878605276346207
2024-05-30 15:28:59,738 - log - INFO - [Epoch 36] Average loss: 0.007724751252681017
2024-05-30 15:29:03,084 - log - INFO - [Epoch 37] Average loss: 0.00847131572663784
2024-05-30 15:29:06,405 - log - INFO - [Epoch 38] Average loss: 0.008422380313277245
2024-05-30 15:29:09,711 - log - INFO - [Epoch 39] Average loss: 0.007894019596278667
2024-05-30 15:29:13,019 - log - INFO - [Epoch 40] Average loss: 0.007624444551765919
2024-05-30 15:29:16,343 - log - INFO - [Epoch 41] Average loss: 0.0074954163283109665
2024-05-30 15:29:19,623 - log - INFO - [Epoch 42] Average loss: 0.00742484861984849
2024-05-30 15:29:22,929 - log - INFO - [Epoch 43] Average loss: 0.0075552877970039845
2024-05-30 15:29:26,241 - log - INFO - [Epoch 44] Average loss: 0.007624298799782991
2024-05-30 15:29:29,535 - log - INFO - [Epoch 45] Average loss: 0.0075070178136229515
2024-05-30 15:29:32,834 - log - INFO - [Epoch 46] Average loss: 0.0075690364465117455
2024-05-30 15:29:36,146 - log - INFO - [Epoch 47] Average loss: 0.007415331434458494
2024-05-30 15:29:39,432 - log - INFO - [Epoch 48] Average loss: 0.007548918481916189
2024-05-30 15:29:42,748 - log - INFO - [Epoch 49] Average loss: 0.007517937105149031
2024-05-30 15:29:46,056 - log - INFO - [Epoch 50] Average loss: 0.007454663049429655
2024-05-30 15:29:49,391 - log - INFO - [Epoch 51] Average loss: 0.007481448817998171
2024-05-30 15:29:52,656 - log - INFO - [Epoch 52] Average loss: 0.007611501030623913
2024-05-30 15:29:55,954 - log - INFO - [Epoch 53] Average loss: 0.007542754523456097
2024-05-30 15:29:59,259 - log - INFO - [Epoch 54] Average loss: 0.007493935525417328
2024-05-30 15:30:02,564 - log - INFO - [Epoch 55] Average loss: 0.007490738295018673
2024-05-30 15:30:05,868 - log - INFO - [Epoch 56] Average loss: 0.007469885516911745
2024-05-30 15:30:09,191 - log - INFO - [Epoch 57] Average loss: 0.007556472904980183
2024-05-30 15:30:12,491 - log - INFO - [Epoch 58] Average loss: 0.007472223602235317
2024-05-30 15:30:15,780 - log - INFO - [Epoch 59] Average loss: 0.007472408004105091
2024-05-30 15:30:19,077 - log - INFO - [Epoch 60] Average loss: 0.00745723070576787
2024-05-30 15:30:22,397 - log - INFO - [Epoch 61] Average loss: 0.007475231774151325
2024-05-30 15:30:25,702 - log - INFO - [Epoch 62] Average loss: 0.007468028925359249
2024-05-30 15:30:29,082 - log - INFO - [Epoch 63] Average loss: 0.007507958449423313
2024-05-30 15:30:32,438 - log - INFO - [Epoch 64] Average loss: 0.007438430562615395
2024-05-30 15:30:35,801 - log - INFO - [Epoch 65] Average loss: 0.007473045960068703
2024-05-30 15:30:39,239 - log - INFO - [Epoch 66] Average loss: 0.007563112303614616
2024-05-30 15:30:42,550 - log - INFO - [Epoch 67] Average loss: 0.007526549976319075
2024-05-30 15:30:45,904 - log - INFO - [Epoch 68] Average loss: 0.007439147215336561
2024-05-30 15:30:49,241 - log - INFO - [Epoch 69] Average loss: 0.0075067188590765
2024-05-30 15:30:52,562 - log - INFO - [Epoch 70] Average loss: 0.007419963367283344
2024-05-30 15:30:55,893 - log - INFO - [Epoch 71] Average loss: 0.00753738172352314
2024-05-30 15:30:59,202 - log - INFO - [Epoch 72] Average loss: 0.007450542412698269
2024-05-30 15:31:02,480 - log - INFO - [Epoch 73] Average loss: 0.007439724635332823
2024-05-30 15:31:05,753 - log - INFO - [Epoch 74] Average loss: 0.007403396535664797
2024-05-30 15:31:09,043 - log - INFO - [Epoch 75] Average loss: 0.007408785633742809
2024-05-30 15:31:12,370 - log - INFO - [Epoch 76] Average loss: 0.007516577374190092
2024-05-30 15:31:15,704 - log - INFO - [Epoch 77] Average loss: 0.007339170202612877
2024-05-30 15:31:19,004 - log - INFO - [Epoch 78] Average loss: 0.007418849505484104
2024-05-30 15:31:22,428 - log - INFO - [Epoch 79] Average loss: 0.007374663837254047
2024-05-30 15:31:25,735 - log - INFO - [Epoch 80] Average loss: 0.007396009285002947
2024-05-30 15:31:29,008 - log - INFO - [Epoch 81] Average loss: 0.00744542246684432
2024-05-30 15:31:32,322 - log - INFO - [Epoch 82] Average loss: 0.007418143097311258
2024-05-30 15:31:35,598 - log - INFO - [Epoch 83] Average loss: 0.007389422040432692
2024-05-30 15:31:38,930 - log - INFO - [Epoch 84] Average loss: 0.007393970154225826
2024-05-30 15:31:42,233 - log - INFO - [Epoch 85] Average loss: 0.007373730652034283
2024-05-30 15:31:45,492 - log - INFO - [Epoch 86] Average loss: 0.007296535186469555
2024-05-30 15:31:48,824 - log - INFO - [Epoch 87] Average loss: 0.007337822578847408
2024-05-30 15:31:52,170 - log - INFO - [Epoch 88] Average loss: 0.007460866589099169
2024-05-30 15:31:55,491 - log - INFO - [Epoch 89] Average loss: 0.007311212830245495
2024-05-30 15:31:58,799 - log - INFO - [Epoch 90] Average loss: 0.007296326104551554
2024-05-30 15:32:02,076 - log - INFO - [Epoch 91] Average loss: 0.0073018670082092285
2024-05-30 15:32:05,389 - log - INFO - [Epoch 92] Average loss: 0.007367522455751896
2024-05-30 15:32:08,684 - log - INFO - [Epoch 93] Average loss: 0.007289429195225239
2024-05-30 15:32:11,955 - log - INFO - [Epoch 94] Average loss: 0.007279164623469114
2024-05-30 15:32:15,278 - log - INFO - [Epoch 95] Average loss: 0.007254813797771931
2024-05-30 15:32:18,582 - log - INFO - [Epoch 96] Average loss: 0.00722810672596097
2024-05-30 15:32:21,950 - log - INFO - [Epoch 97] Average loss: 0.007281026802957058
2024-05-30 15:32:25,256 - log - INFO - [Epoch 98] Average loss: 0.0072462428361177444
2024-05-30 15:32:28,590 - log - INFO - [Epoch 99] Average loss: 0.007229194976389408
2024-05-30 15:32:29,003 - log - INFO - Validation - Average loss: 0.007772409124299884, Average correlation: 0.1297721527516842
